<html>
<head>
<title>TestNG:  Create Expense Test Cases</title>
<link href="../testng.css" rel="stylesheet" type="text/css" />
<link href="../my-testng.css" rel="stylesheet" type="text/css" />

<style type="text/css">
.log { display: none;} 
.stack-trace { display: none;} 
</style>
<script type="text/javascript">
<!--
function flip(e) {
  current = e.style.display;
  if (current == 'block') {
    e.style.display = 'none';
    return 0;
  }
  else {
    e.style.display = 'block';
    return 1;
  }
}

function toggleBox(szDivId, elem, msg1, msg2)
{
  var res = -1;  if (document.getElementById) {
    res = flip(document.getElementById(szDivId));
  }
  else if (document.all) {
    // this is the way old msie versions work
    res = flip(document.all[szDivId]);
  }
  if(elem) {
    if(res == 0) elem.innerHTML = msg1; else elem.innerHTML = msg2;
  }

}

function toggleAllBoxes() {
  if (document.getElementsByTagName) {
    d = document.getElementsByTagName('div');
    for (i = 0; i < d.length; i++) {
      if (d[i].className == 'log') {
        flip(d[i]);
      }
    }
  }
}

// -->
</script>

</head>
<body>
<h2 align='center'>Create Expense Test Cases</h2><table border='1' align="center">
<tr>
<td>Tests passed/Failed/Skipped:</td><td>10/2/0</td>
</tr><tr>
<td>Started on:</td><td>Mon Aug 01 10:48:00 IST 2016</td>
</tr>
<tr><td>Total time:</td><td>834 seconds (834511 ms)</td>
</tr><tr>
<td>Included groups:</td><td></td>
</tr><tr>
<td>Excluded groups:</td><td></td>
</tr>
</table><p/>
<small><i>(Hover the method name to see the test class name)</i></small><p/>
<table width='100%' border='1' class='invocation-failed'>
<tr><td colspan='4' align='center'><b>FAILED TESTS</b></td></tr>
<tr><td><b>Test method</b></td>
<td width="30%"><b>Exception</b></td>
<td width="10%"><b>Time (seconds)</b></td>
<td><b>Instance</b></td>
</tr>
<tr>
<td title='testCases_Chrome.Create_Business_Expense_with_PDF_Receipt.CreateBusinessExpensewithPDFReceipt()'><b>CreateBusinessExpensewithPDFReceipt</b><br>Test class: testCases_Chrome.Create_Business_Expense_with_PDF_Receipt<br/>
<a href="#Output-773296871" onClick='toggleBox("Output-773296871", this, "Show output", "Hide output");'>Show output</a>

<a href="#Output-773296871" onClick="toggleAllBoxes();">Show all outputs</a>
<div class='log' id="Output-773296871">
SignIn Action is successfully perfomred<br/>
Completed executing Create_Business_Expense_with_PDF_Receipt.CreateBusinessExpensewithPDFReceipt<br/>
TestName = null<br/>
Test Method resides in testCases_Chrome.Create_Business_Expense_with_PDF_Receipt<br/>
Test Status: Failed<br/>
About to begin executing Create_Business_Expense_with_PDF_Receipt.afterMethod<br/>
</div>
</td>
<td><div><pre>org.openqa.selenium.ElementNotVisibleException: element not visible
  (Session info: chrome=51.0.2704.103)
  (Driver info: chromedriver=2.22.397933 (1cab651507b88dec79b2b2a22d1943c01833cc1b),platform=Windows NT 10.0.10586 x86_64) (WARNING: The server did not provide any stacktrace information)
Command duration or timeout: 30 milliseconds
Build info: version: &apos;2.53.1&apos;, revision: &apos;a36b8b1&apos;, time: &apos;2016-06-30 17:32:46&apos;
System info: host: &apos;AQQA-02&apos;, ip: &apos;192.168.10.115&apos;, os.name: &apos;Windows 8.1&apos;, os.arch: &apos;amd64&apos;, os.version: &apos;6.3&apos;, java.version: &apos;1.8.0_45&apos;
Driver info: org.openqa.selenium.chrome.ChromeDriver
Capabilities [{applicationCacheEnabled=false, rotatable=false, mobileEmulationEnabled=false, chrome={chromedriverVersion=2.22.397933 (1cab651507b88dec79b2b2a22d1943c01833cc1b), userDataDir=C:\Users\Priyanka\AppData\Local\Temp\scoped_dir34184_8658}, takesHeapSnapshot=true, databaseEnabled=false, handlesAlerts=true, hasTouchScreen=false, version=51.0.2704.103, platform=WIN8_1, browserConnectionEnabled=false, nativeEvents=true, acceptSslCerts=true, locationContextEnabled=true, webStorageEnabled=true, browserName=chrome, takesScreenshot=true, javascriptEnabled=true, cssSelectorsEnabled=true}]
Session ID: 10779e832cf01d4dcd90654f850a78ce
	at org.openqa.selenium.remote.ErrorHandler.createThrowable(ErrorHandler.java:206)
	at org.openqa.selenium.remote.ErrorHandler.throwIfResponseFailed(ErrorHandler.java:158)
	at org.openqa.selenium.remote.RemoteWebDriver.execute(RemoteWebDriver.java:678)
	at org.openqa.selenium.remote.RemoteWebElement.execute(RemoteWebElement.java:327)
	at org.openqa.selenium.remote.RemoteWebElement.click(RemoteWebElement.java:85)
	at appModules.BusinessExpWithReceipt_Action$BusinessExpWithReceiptPDF_Action.Execute(BusinessExpWithReceipt_Action.java:18)
	at testCases_Chrome.Create_Business_Expense_with_PDF_Receipt.CreateBusinessExpensewithPDFReceipt(Create_Business_Expense_with_PDF_Receipt.java:58)
... Removed 29 stack frames</pre></div><a href='#' onClick='toggleBox("stack-trace773296871", this, "Click to show all stack frames", "Click to hide stack frames")'>Click to show all stack frames</a>
<div class='stack-trace' id='stack-trace773296871'><pre>org.openqa.selenium.ElementNotVisibleException: element not visible
  (Session info: chrome=51.0.2704.103)
  (Driver info: chromedriver=2.22.397933 (1cab651507b88dec79b2b2a22d1943c01833cc1b),platform=Windows NT 10.0.10586 x86_64) (WARNING: The server did not provide any stacktrace information)
Command duration or timeout: 30 milliseconds
Build info: version: &apos;2.53.1&apos;, revision: &apos;a36b8b1&apos;, time: &apos;2016-06-30 17:32:46&apos;
System info: host: &apos;AQQA-02&apos;, ip: &apos;192.168.10.115&apos;, os.name: &apos;Windows 8.1&apos;, os.arch: &apos;amd64&apos;, os.version: &apos;6.3&apos;, java.version: &apos;1.8.0_45&apos;
Driver info: org.openqa.selenium.chrome.ChromeDriver
Capabilities [{applicationCacheEnabled=false, rotatable=false, mobileEmulationEnabled=false, chrome={chromedriverVersion=2.22.397933 (1cab651507b88dec79b2b2a22d1943c01833cc1b), userDataDir=C:\Users\Priyanka\AppData\Local\Temp\scoped_dir34184_8658}, takesHeapSnapshot=true, databaseEnabled=false, handlesAlerts=true, hasTouchScreen=false, version=51.0.2704.103, platform=WIN8_1, browserConnectionEnabled=false, nativeEvents=true, acceptSslCerts=true, locationContextEnabled=true, webStorageEnabled=true, browserName=chrome, takesScreenshot=true, javascriptEnabled=true, cssSelectorsEnabled=true}]
Session ID: 10779e832cf01d4dcd90654f850a78ce
	at sun.reflect.NativeConstructorAccessorImpl.newInstance0(Native Method)
	at sun.reflect.NativeConstructorAccessorImpl.newInstance(Unknown Source)
	at sun.reflect.DelegatingConstructorAccessorImpl.newInstance(Unknown Source)
	at java.lang.reflect.Constructor.newInstance(Unknown Source)
	at org.openqa.selenium.remote.ErrorHandler.createThrowable(ErrorHandler.java:206)
	at org.openqa.selenium.remote.ErrorHandler.throwIfResponseFailed(ErrorHandler.java:158)
	at org.openqa.selenium.remote.RemoteWebDriver.execute(RemoteWebDriver.java:678)
	at org.openqa.selenium.remote.RemoteWebElement.execute(RemoteWebElement.java:327)
	at org.openqa.selenium.remote.RemoteWebElement.click(RemoteWebElement.java:85)
	at appModules.BusinessExpWithReceipt_Action$BusinessExpWithReceiptPDF_Action.Execute(BusinessExpWithReceipt_Action.java:18)
	at testCases_Chrome.Create_Business_Expense_with_PDF_Receipt.CreateBusinessExpensewithPDFReceipt(Create_Business_Expense_with_PDF_Receipt.java:58)
	at sun.reflect.NativeMethodAccessorImpl.invoke0(Native Method)
	at sun.reflect.NativeMethodAccessorImpl.invoke(Unknown Source)
	at sun.reflect.DelegatingMethodAccessorImpl.invoke(Unknown Source)
	at java.lang.reflect.Method.invoke(Unknown Source)
	at org.testng.internal.MethodInvocationHelper.invokeMethod(MethodInvocationHelper.java:85)
	at org.testng.internal.Invoker.invokeMethod(Invoker.java:639)
	at org.testng.internal.Invoker.invokeTestMethod(Invoker.java:816)
	at org.testng.internal.Invoker.invokeTestMethods(Invoker.java:1124)
	at org.testng.internal.TestMethodWorker.invokeTestMethods(TestMethodWorker.java:125)
	at org.testng.internal.TestMethodWorker.run(TestMethodWorker.java:108)
	at org.testng.TestRunner.privateRun(TestRunner.java:774)
	at org.testng.TestRunner.run(TestRunner.java:624)
	at org.testng.SuiteRunner.runTest(SuiteRunner.java:359)
	at org.testng.SuiteRunner.runSequentially(SuiteRunner.java:354)
	at org.testng.SuiteRunner.privateRun(SuiteRunner.java:312)
	at org.testng.SuiteRunner.run(SuiteRunner.java:261)
	at org.testng.SuiteRunnerWorker.runSuite(SuiteRunnerWorker.java:52)
	at org.testng.SuiteRunnerWorker.run(SuiteRunnerWorker.java:86)
	at org.testng.TestNG.runSuitesSequentially(TestNG.java:1215)
	at org.testng.TestNG.runSuitesSequentially(TestNG.java:1211)
	at org.testng.TestNG.runSuitesLocally(TestNG.java:1140)
	at org.testng.TestNG.run(TestNG.java:1048)
	at org.testng.remote.AbstractRemoteTestNG.run(AbstractRemoteTestNG.java:126)
	at org.testng.remote.RemoteTestNG.initAndRun(RemoteTestNG.java:137)
	at org.testng.remote.RemoteTestNG.main(RemoteTestNG.java:58)
</pre></div></td>
<td>12</td>
<td>testCases_Chrome.Create_Business_Expense_with_PDF_Receipt@5700d6b1</td></tr>
<tr>
<td title='testCases_Chrome.Create_Business_Expense_with_PNG_Receipt.CreateBusinessExpensewithPNGReceipt()'><b>CreateBusinessExpensewithPNGReceipt</b><br>Test class: testCases_Chrome.Create_Business_Expense_with_PNG_Receipt<br/>
<a href="#Output-777190206" onClick='toggleBox("Output-777190206", this, "Show output", "Hide output");'>Show output</a>

<a href="#Output-777190206" onClick="toggleAllBoxes();">Show all outputs</a>
<div class='log' id="Output-777190206">
SignIn Action is successfully perfomred<br/>
Completed executing Create_Business_Expense_with_PNG_Receipt.CreateBusinessExpensewithPNGReceipt<br/>
TestName = null<br/>
Test Method resides in testCases_Chrome.Create_Business_Expense_with_PNG_Receipt<br/>
Test Status: Failed<br/>
About to begin executing Create_Business_Expense_with_PNG_Receipt.afterMethod<br/>
</div>
</td>
<td><div><pre>org.openqa.selenium.ElementNotVisibleException: element not visible
  (Session info: chrome=51.0.2704.103)
  (Driver info: chromedriver=2.22.397933 (1cab651507b88dec79b2b2a22d1943c01833cc1b),platform=Windows NT 10.0.10586 x86_64) (WARNING: The server did not provide any stacktrace information)
Command duration or timeout: 25 milliseconds
Build info: version: &apos;2.53.1&apos;, revision: &apos;a36b8b1&apos;, time: &apos;2016-06-30 17:32:46&apos;
System info: host: &apos;AQQA-02&apos;, ip: &apos;192.168.10.115&apos;, os.name: &apos;Windows 8.1&apos;, os.arch: &apos;amd64&apos;, os.version: &apos;6.3&apos;, java.version: &apos;1.8.0_45&apos;
Driver info: org.openqa.selenium.chrome.ChromeDriver
Capabilities [{applicationCacheEnabled=false, rotatable=false, mobileEmulationEnabled=false, chrome={chromedriverVersion=2.22.397933 (1cab651507b88dec79b2b2a22d1943c01833cc1b), userDataDir=C:\Users\Priyanka\AppData\Local\Temp\scoped_dir19540_11826}, takesHeapSnapshot=true, databaseEnabled=false, handlesAlerts=true, hasTouchScreen=false, version=51.0.2704.103, platform=WIN8_1, browserConnectionEnabled=false, nativeEvents=true, acceptSslCerts=true, locationContextEnabled=true, webStorageEnabled=true, browserName=chrome, takesScreenshot=true, javascriptEnabled=true, cssSelectorsEnabled=true}]
Session ID: 0851f3796b56185b8757d5e228c97e8d
	at org.openqa.selenium.remote.ErrorHandler.createThrowable(ErrorHandler.java:206)
	at org.openqa.selenium.remote.ErrorHandler.throwIfResponseFailed(ErrorHandler.java:158)
	at org.openqa.selenium.remote.RemoteWebDriver.execute(RemoteWebDriver.java:678)
	at org.openqa.selenium.remote.RemoteWebElement.execute(RemoteWebElement.java:327)
	at org.openqa.selenium.remote.RemoteWebElement.click(RemoteWebElement.java:85)
	at appModules.BusinessExpWithReceipt_Action$BusinessExpWithReceiptPNG_Action.Execute(BusinessExpWithReceipt_Action.java:73)
	at testCases_Chrome.Create_Business_Expense_with_PNG_Receipt.CreateBusinessExpensewithPNGReceipt(Create_Business_Expense_with_PNG_Receipt.java:58)
... Removed 29 stack frames</pre></div><a href='#' onClick='toggleBox("stack-trace777190206", this, "Click to show all stack frames", "Click to hide stack frames")'>Click to show all stack frames</a>
<div class='stack-trace' id='stack-trace777190206'><pre>org.openqa.selenium.ElementNotVisibleException: element not visible
  (Session info: chrome=51.0.2704.103)
  (Driver info: chromedriver=2.22.397933 (1cab651507b88dec79b2b2a22d1943c01833cc1b),platform=Windows NT 10.0.10586 x86_64) (WARNING: The server did not provide any stacktrace information)
Command duration or timeout: 25 milliseconds
Build info: version: &apos;2.53.1&apos;, revision: &apos;a36b8b1&apos;, time: &apos;2016-06-30 17:32:46&apos;
System info: host: &apos;AQQA-02&apos;, ip: &apos;192.168.10.115&apos;, os.name: &apos;Windows 8.1&apos;, os.arch: &apos;amd64&apos;, os.version: &apos;6.3&apos;, java.version: &apos;1.8.0_45&apos;
Driver info: org.openqa.selenium.chrome.ChromeDriver
Capabilities [{applicationCacheEnabled=false, rotatable=false, mobileEmulationEnabled=false, chrome={chromedriverVersion=2.22.397933 (1cab651507b88dec79b2b2a22d1943c01833cc1b), userDataDir=C:\Users\Priyanka\AppData\Local\Temp\scoped_dir19540_11826}, takesHeapSnapshot=true, databaseEnabled=false, handlesAlerts=true, hasTouchScreen=false, version=51.0.2704.103, platform=WIN8_1, browserConnectionEnabled=false, nativeEvents=true, acceptSslCerts=true, locationContextEnabled=true, webStorageEnabled=true, browserName=chrome, takesScreenshot=true, javascriptEnabled=true, cssSelectorsEnabled=true}]
Session ID: 0851f3796b56185b8757d5e228c97e8d
	at sun.reflect.NativeConstructorAccessorImpl.newInstance0(Native Method)
	at sun.reflect.NativeConstructorAccessorImpl.newInstance(Unknown Source)
	at sun.reflect.DelegatingConstructorAccessorImpl.newInstance(Unknown Source)
	at java.lang.reflect.Constructor.newInstance(Unknown Source)
	at org.openqa.selenium.remote.ErrorHandler.createThrowable(ErrorHandler.java:206)
	at org.openqa.selenium.remote.ErrorHandler.throwIfResponseFailed(ErrorHandler.java:158)
	at org.openqa.selenium.remote.RemoteWebDriver.execute(RemoteWebDriver.java:678)
	at org.openqa.selenium.remote.RemoteWebElement.execute(RemoteWebElement.java:327)
	at org.openqa.selenium.remote.RemoteWebElement.click(RemoteWebElement.java:85)
	at appModules.BusinessExpWithReceipt_Action$BusinessExpWithReceiptPNG_Action.Execute(BusinessExpWithReceipt_Action.java:73)
	at testCases_Chrome.Create_Business_Expense_with_PNG_Receipt.CreateBusinessExpensewithPNGReceipt(Create_Business_Expense_with_PNG_Receipt.java:58)
	at sun.reflect.NativeMethodAccessorImpl.invoke0(Native Method)
	at sun.reflect.NativeMethodAccessorImpl.invoke(Unknown Source)
	at sun.reflect.DelegatingMethodAccessorImpl.invoke(Unknown Source)
	at java.lang.reflect.Method.invoke(Unknown Source)
	at org.testng.internal.MethodInvocationHelper.invokeMethod(MethodInvocationHelper.java:85)
	at org.testng.internal.Invoker.invokeMethod(Invoker.java:639)
	at org.testng.internal.Invoker.invokeTestMethod(Invoker.java:816)
	at org.testng.internal.Invoker.invokeTestMethods(Invoker.java:1124)
	at org.testng.internal.TestMethodWorker.invokeTestMethods(TestMethodWorker.java:125)
	at org.testng.internal.TestMethodWorker.run(TestMethodWorker.java:108)
	at org.testng.TestRunner.privateRun(TestRunner.java:774)
	at org.testng.TestRunner.run(TestRunner.java:624)
	at org.testng.SuiteRunner.runTest(SuiteRunner.java:359)
	at org.testng.SuiteRunner.runSequentially(SuiteRunner.java:354)
	at org.testng.SuiteRunner.privateRun(SuiteRunner.java:312)
	at org.testng.SuiteRunner.run(SuiteRunner.java:261)
	at org.testng.SuiteRunnerWorker.runSuite(SuiteRunnerWorker.java:52)
	at org.testng.SuiteRunnerWorker.run(SuiteRunnerWorker.java:86)
	at org.testng.TestNG.runSuitesSequentially(TestNG.java:1215)
	at org.testng.TestNG.runSuitesSequentially(TestNG.java:1211)
	at org.testng.TestNG.runSuitesLocally(TestNG.java:1140)
	at org.testng.TestNG.run(TestNG.java:1048)
	at org.testng.remote.AbstractRemoteTestNG.run(AbstractRemoteTestNG.java:126)
	at org.testng.remote.RemoteTestNG.initAndRun(RemoteTestNG.java:137)
	at org.testng.remote.RemoteTestNG.main(RemoteTestNG.java:58)
</pre></div></td>
<td>10</td>
<td>testCases_Chrome.Create_Business_Expense_with_PNG_Receipt@6fd02e5</td></tr>
</table><p>
<table width='100%' border='1' class='invocation-passed'>
<tr><td colspan='4' align='center'><b>PASSED TESTS</b></td></tr>
<tr><td><b>Test method</b></td>
<td width="30%"><b>Exception</b></td>
<td width="10%"><b>Time (seconds)</b></td>
<td><b>Instance</b></td>
</tr>
<tr>
<td title='testCases_Chrome.Create_Business_Expense.CreateBusinessExpense()'><b>CreateBusinessExpense</b><br>Test class: testCases_Chrome.Create_Business_Expense<br/>
<a href="#Output-1437129801" onClick='toggleBox("Output-1437129801", this, "Show output", "Hide output");'>Show output</a>

<a href="#Output-1437129801" onClick="toggleAllBoxes();">Show all outputs</a>
<div class='log' id="Output-1437129801">
SignIn Action is successfully perfomred<br/>
Completed executing Create_Business_Expense.CreateBusinessExpense<br/>
TestName = null<br/>
Test Method resides in testCases_Chrome.Create_Business_Expense<br/>
Test Status: Pass<br/>
About to begin executing Create_Business_Expense.afterMethod<br/>
</div>
</td>
<td></td>
<td>47</td>
<td>testCases_Chrome.Create_Business_Expense@3fee9989</td></tr>
<tr>
<td title='testCases_Chrome.Create_Business_Expense_EntertainmentClient.CreateBusinessExpense_EntertainmentClient()'><b>CreateBusinessExpense_EntertainmentClient</b><br>Test class: testCases_Chrome.Create_Business_Expense_EntertainmentClient<br/>
<a href="#Output-2108318195" onClick='toggleBox("Output-2108318195", this, "Show output", "Hide output");'>Show output</a>

<a href="#Output-2108318195" onClick="toggleAllBoxes();">Show all outputs</a>
<div class='log' id="Output-2108318195">
SignIn Action is successfully perfomred<br/>
Completed executing Create_Business_Expense_EntertainmentClient.CreateBusinessExpense_EntertainmentClient<br/>
TestName = null<br/>
Test Method resides in testCases_Chrome.Create_Business_Expense_EntertainmentClient<br/>
Test Status: Pass<br/>
About to begin executing Create_Business_Expense_EntertainmentClient.afterMethod<br/>
</div>
</td>
<td></td>
<td>48</td>
<td>testCases_Chrome.Create_Business_Expense_EntertainmentClient@7085bdee</td></tr>
<tr>
<td title='testCases_Chrome.Create_Business_Expense_HotelAndLodging.CreateBusinessExpense_HotelAndLodging()'><b>CreateBusinessExpense_HotelAndLodging</b><br>Test class: testCases_Chrome.Create_Business_Expense_HotelAndLodging<br/>
<a href="#Output-667680223" onClick='toggleBox("Output-667680223", this, "Show output", "Hide output");'>Show output</a>

<a href="#Output-667680223" onClick="toggleAllBoxes();">Show all outputs</a>
<div class='log' id="Output-667680223">
SignIn Action is successfully perfomred<br/>
Completed executing Create_Business_Expense_HotelAndLodging.CreateBusinessExpense_HotelAndLodging<br/>
TestName = null<br/>
Test Method resides in testCases_Chrome.Create_Business_Expense_HotelAndLodging<br/>
Test Status: Pass<br/>
About to begin executing Create_Business_Expense_HotelAndLodging.afterMethod<br/>
</div>
</td>
<td></td>
<td>59</td>
<td>testCases_Chrome.Create_Business_Expense_HotelAndLodging@1ce92674</td></tr>
<tr>
<td title='testCases_Chrome.Create_Business_Expense_Mileage.CreateBusinessExpense_Mileage()'><b>CreateBusinessExpense_Mileage</b><br>Test class: testCases_Chrome.Create_Business_Expense_Mileage<br/>
<a href="#Output-989440614" onClick='toggleBox("Output-989440614", this, "Show output", "Hide output");'>Show output</a>

<a href="#Output-989440614" onClick="toggleAllBoxes();">Show all outputs</a>
<div class='log' id="Output-989440614">
SignIn Action is successfully perfomred<br/>
Completed executing Create_Business_Expense_Mileage.CreateBusinessExpense_Mileage<br/>
TestName = null<br/>
Test Method resides in testCases_Chrome.Create_Business_Expense_Mileage<br/>
Test Status: Pass<br/>
About to begin executing Create_Business_Expense_Mileage.afterMethod<br/>
</div>
</td>
<td></td>
<td>14</td>
<td>testCases_Chrome.Create_Business_Expense_Mileage@73ad2d6</td></tr>
<tr>
<td title='testCases_Chrome.Create_Business_Expense_with_PDF_PNG_Receipt.CreateBusinessExpensewithPDFandPNGReceipt()'><b>CreateBusinessExpensewithPDFandPNGReceipt</b><br>Test class: testCases_Chrome.Create_Business_Expense_with_PDF_PNG_Receipt<br/>
<a href="#Output-1350720002" onClick='toggleBox("Output-1350720002", this, "Show output", "Hide output");'>Show output</a>

<a href="#Output-1350720002" onClick="toggleAllBoxes();">Show all outputs</a>
<div class='log' id="Output-1350720002">
SignIn Action is successfully perfomred<br/>
Completed executing Create_Business_Expense_with_PDF_PNG_Receipt.CreateBusinessExpensewithPDFandPNGReceipt<br/>
TestName = null<br/>
Test Method resides in testCases_Chrome.Create_Business_Expense_with_PDF_PNG_Receipt<br/>
Test Status: Pass<br/>
About to begin executing Create_Business_Expense_with_PDF_PNG_Receipt.afterMethod<br/>
</div>
</td>
<td></td>
<td>99</td>
<td>testCases_Chrome.Create_Business_Expense_with_PDF_PNG_Receipt@5bcab519</td></tr>
<tr>
<td title='testCases_Chrome.Create_Personal_Expense.CreatePeronalExpense()'><b>CreatePeronalExpense</b><br>Test class: testCases_Chrome.Create_Personal_Expense<br/>
<a href="#Output-614635686" onClick='toggleBox("Output-614635686", this, "Show output", "Hide output");'>Show output</a>

<a href="#Output-614635686" onClick="toggleAllBoxes();">Show all outputs</a>
<div class='log' id="Output-614635686">
SignIn Action is successfully perfomred<br/>
Completed executing Create_Personal_Expense.CreatePeronalExpense<br/>
TestName = null<br/>
Test Method resides in testCases_Chrome.Create_Personal_Expense<br/>
Test Status: Pass<br/>
About to begin executing Create_Personal_Expense.afterMethod<br/>
</div>
</td>
<td></td>
<td>67</td>
<td>testCases_Chrome.Create_Personal_Expense@e45f292</td></tr>
<tr>
<td title='testCases_Chrome.Create_Personal_Expense_with_PDF_Receipt.CreatePersonalExpensewithPDFReceipt()'><b>CreatePersonalExpensewithPDFReceipt</b><br>Test class: testCases_Chrome.Create_Personal_Expense_with_PDF_Receipt<br/>
<a href="#Output-1868987089" onClick='toggleBox("Output-1868987089", this, "Show output", "Hide output");'>Show output</a>

<a href="#Output-1868987089" onClick="toggleAllBoxes();">Show all outputs</a>
<div class='log' id="Output-1868987089">
SignIn Action is successfully perfomred<br/>
Completed executing Create_Personal_Expense_with_PDF_Receipt.CreatePersonalExpensewithPDFReceipt<br/>
TestName = null<br/>
Test Method resides in testCases_Chrome.Create_Personal_Expense_with_PDF_Receipt<br/>
Test Status: Pass<br/>
About to begin executing Create_Personal_Expense_with_PDF_Receipt.afterMethod<br/>
</div>
</td>
<td></td>
<td>81</td>
<td>testCases_Chrome.Create_Personal_Expense_with_PDF_Receipt@5f2108b5</td></tr>
<tr>
<td title='testCases_Chrome.Create_Personal_Expense_with_PDF_PNG_Receipt.CreatePersonalExpensewithPDFandPNGReceipt()'><b>CreatePersonalExpensewithPDFandPNGReceipt</b><br>Test class: testCases_Chrome.Create_Personal_Expense_with_PDF_PNG_Receipt<br/>
<a href="#Output-1311315651" onClick='toggleBox("Output-1311315651", this, "Show output", "Hide output");'>Show output</a>

<a href="#Output-1311315651" onClick="toggleAllBoxes();">Show all outputs</a>
<div class='log' id="Output-1311315651">
SignIn Action is successfully perfomred<br/>
Completed executing Create_Personal_Expense_with_PDF_PNG_Receipt.CreatePersonalExpensewithPDFandPNGReceipt<br/>
TestName = null<br/>
Test Method resides in testCases_Chrome.Create_Personal_Expense_with_PDF_PNG_Receipt<br/>
Test Status: Pass<br/>
About to begin executing Create_Personal_Expense_with_PDF_PNG_Receipt.afterMethod<br/>
</div>
</td>
<td></td>
<td>112</td>
<td>testCases_Chrome.Create_Personal_Expense_with_PDF_PNG_Receipt@3f49dace</td></tr>
<tr>
<td title='testCases_Chrome.Create_Personal_Expense_with_PNG_Receipt.CreatePersonalExpensewithPNGReceipt()'><b>CreatePersonalExpensewithPNGReceipt</b><br>Test class: testCases_Chrome.Create_Personal_Expense_with_PNG_Receipt<br/>
<a href="#Output-822359325" onClick='toggleBox("Output-822359325", this, "Show output", "Hide output");'>Show output</a>

<a href="#Output-822359325" onClick="toggleAllBoxes();">Show all outputs</a>
<div class='log' id="Output-822359325">
SignIn Action is successfully perfomred<br/>
Completed executing Create_Personal_Expense_with_PNG_Receipt.CreatePersonalExpensewithPNGReceipt<br/>
TestName = null<br/>
Test Method resides in testCases_Chrome.Create_Personal_Expense_with_PNG_Receipt<br/>
Test Status: Pass<br/>
About to begin executing Create_Personal_Expense_with_PNG_Receipt.afterMethod<br/>
</div>
</td>
<td></td>
<td>83</td>
<td>testCases_Chrome.Create_Personal_Expense_with_PNG_Receipt@31a5c39e</td></tr>
<tr>
<td title='testCases_Chrome.Login_to_SOLO.LoginLogout()'><b>LoginLogout</b><br>Test class: testCases_Chrome.Login_to_SOLO<br/>
<a href="#Output-292958927" onClick='toggleBox("Output-292958927", this, "Show output", "Hide output");'>Show output</a>

<a href="#Output-292958927" onClick="toggleAllBoxes();">Show all outputs</a>
<div class='log' id="Output-292958927">
SignIn Action is successfully perfomred<br/>
Completed executing Login_to_SOLO.LoginLogout<br/>
TestName = null<br/>
Test Method resides in testCases_Chrome.Login_to_SOLO<br/>
Test Status: Pass<br/>
About to begin executing Login_to_SOLO.afterMethod<br/>
</div>
</td>
<td></td>
<td>21</td>
<td>testCases_Chrome.Login_to_SOLO@2f686d1f</td></tr>
</table><p>
</body>
</html>