<html>
<head>
<title>TestNG:  Execution on Chrome</title>
<link href="../testng.css" rel="stylesheet" type="text/css" />
<link href="../my-testng.css" rel="stylesheet" type="text/css" />

<style type="text/css">
.log { display: none;} 
.stack-trace { display: none;} 
</style>
<script type="text/javascript">
<!--
function flip(e) {
  current = e.style.display;
  if (current == 'block') {
    e.style.display = 'none';
    return 0;
  }
  else {
    e.style.display = 'block';
    return 1;
  }
}

function toggleBox(szDivId, elem, msg1, msg2)
{
  var res = -1;  if (document.getElementById) {
    res = flip(document.getElementById(szDivId));
  }
  else if (document.all) {
    // this is the way old msie versions work
    res = flip(document.all[szDivId]);
  }
  if(elem) {
    if(res == 0) elem.innerHTML = msg1; else elem.innerHTML = msg2;
  }

}

function toggleAllBoxes() {
  if (document.getElementsByTagName) {
    d = document.getElementsByTagName('div');
    for (i = 0; i < d.length; i++) {
      if (d[i].className == 'log') {
        flip(d[i]);
      }
    }
  }
}

// -->
</script>

</head>
<body>
<h2 align='center'>Execution on Chrome</h2><table border='1' align="center">
<tr>
<td>Tests passed/Failed/Skipped:</td><td>8/4/0</td>
</tr><tr>
<td>Started on:</td><td>Fri Jul 29 15:15:21 IST 2016</td>
</tr>
<tr><td>Total time:</td><td>758 seconds (758547 ms)</td>
</tr><tr>
<td>Included groups:</td><td></td>
</tr><tr>
<td>Excluded groups:</td><td></td>
</tr>
</table><p/>
<small><i>(Hover the method name to see the test class name)</i></small><p/>
<table width='100%' border='1' class='invocation-failed'>
<tr><td colspan='4' align='center'><b>FAILED TESTS</b></td></tr>
<tr><td><b>Test method</b></td>
<td width="30%"><b>Exception</b></td>
<td width="10%"><b>Time (seconds)</b></td>
<td><b>Instance</b></td>
</tr>
<tr>
<td title='testCases_Chrome.Create_Personal_Expense.CreatePeronalExpense()'><b>CreatePeronalExpense</b><br>Test class: testCases_Chrome.Create_Personal_Expense<br/>
<a href="#Output-1233505227" onClick='toggleBox("Output-1233505227", this, "Show output", "Hide output");'>Show output</a>

<a href="#Output-1233505227" onClick="toggleAllBoxes();">Show all outputs</a>
<div class='log' id="Output-1233505227">
SignIn Action is successfully perfomred<br/>
Completed executing Create_Personal_Expense.CreatePeronalExpense<br/>
TestName = null<br/>
Test Method resides in testCases_Chrome.Create_Personal_Expense<br/>
Test Status: Failed<br/>
About to begin executing Create_Personal_Expense.afterMethod<br/>
</div>
</td>
<td><div><pre>org.openqa.selenium.ElementNotVisibleException: element not visible
  (Session info: chrome=51.0.2704.103)
  (Driver info: chromedriver=2.22.397933 (1cab651507b88dec79b2b2a22d1943c01833cc1b),platform=Windows NT 10.0.10586 x86_64) (WARNING: The server did not provide any stacktrace information)
Command duration or timeout: 53 milliseconds
Build info: version: &apos;2.53.1&apos;, revision: &apos;a36b8b1&apos;, time: &apos;2016-06-30 17:32:46&apos;
System info: host: &apos;AQQA-02&apos;, ip: &apos;192.168.10.115&apos;, os.name: &apos;Windows 8.1&apos;, os.arch: &apos;amd64&apos;, os.version: &apos;6.3&apos;, java.version: &apos;1.8.0_45&apos;
Driver info: org.openqa.selenium.chrome.ChromeDriver
Capabilities [{applicationCacheEnabled=false, rotatable=false, mobileEmulationEnabled=false, chrome={chromedriverVersion=2.22.397933 (1cab651507b88dec79b2b2a22d1943c01833cc1b), userDataDir=C:\Users\Priyanka\AppData\Local\Temp\scoped_dir17632_24383}, takesHeapSnapshot=true, databaseEnabled=false, handlesAlerts=true, hasTouchScreen=false, version=51.0.2704.103, platform=WIN8_1, browserConnectionEnabled=false, nativeEvents=true, acceptSslCerts=true, locationContextEnabled=true, webStorageEnabled=true, browserName=chrome, takesScreenshot=true, javascriptEnabled=true, cssSelectorsEnabled=true}]
Session ID: 0e7a49001d03c1439c02e8062efcfe7e
	at org.openqa.selenium.remote.ErrorHandler.createThrowable(ErrorHandler.java:206)
	at org.openqa.selenium.remote.ErrorHandler.throwIfResponseFailed(ErrorHandler.java:158)
	at org.openqa.selenium.remote.RemoteWebDriver.execute(RemoteWebDriver.java:678)
	at org.openqa.selenium.remote.RemoteWebElement.execute(RemoteWebElement.java:327)
	at org.openqa.selenium.remote.RemoteWebElement.click(RemoteWebElement.java:85)
	at appModules.CreatePersonalExp_Action.Execute(CreatePersonalExp_Action.java:19)
	at testCases_Chrome.Create_Personal_Expense.CreatePeronalExpense(Create_Personal_Expense.java:61)
... Removed 28 stack frames</pre></div><a href='#' onClick='toggleBox("stack-trace1233505227", this, "Click to show all stack frames", "Click to hide stack frames")'>Click to show all stack frames</a>
<div class='stack-trace' id='stack-trace1233505227'><pre>org.openqa.selenium.ElementNotVisibleException: element not visible
  (Session info: chrome=51.0.2704.103)
  (Driver info: chromedriver=2.22.397933 (1cab651507b88dec79b2b2a22d1943c01833cc1b),platform=Windows NT 10.0.10586 x86_64) (WARNING: The server did not provide any stacktrace information)
Command duration or timeout: 53 milliseconds
Build info: version: &apos;2.53.1&apos;, revision: &apos;a36b8b1&apos;, time: &apos;2016-06-30 17:32:46&apos;
System info: host: &apos;AQQA-02&apos;, ip: &apos;192.168.10.115&apos;, os.name: &apos;Windows 8.1&apos;, os.arch: &apos;amd64&apos;, os.version: &apos;6.3&apos;, java.version: &apos;1.8.0_45&apos;
Driver info: org.openqa.selenium.chrome.ChromeDriver
Capabilities [{applicationCacheEnabled=false, rotatable=false, mobileEmulationEnabled=false, chrome={chromedriverVersion=2.22.397933 (1cab651507b88dec79b2b2a22d1943c01833cc1b), userDataDir=C:\Users\Priyanka\AppData\Local\Temp\scoped_dir17632_24383}, takesHeapSnapshot=true, databaseEnabled=false, handlesAlerts=true, hasTouchScreen=false, version=51.0.2704.103, platform=WIN8_1, browserConnectionEnabled=false, nativeEvents=true, acceptSslCerts=true, locationContextEnabled=true, webStorageEnabled=true, browserName=chrome, takesScreenshot=true, javascriptEnabled=true, cssSelectorsEnabled=true}]
Session ID: 0e7a49001d03c1439c02e8062efcfe7e
	at sun.reflect.NativeConstructorAccessorImpl.newInstance0(Native Method)
	at sun.reflect.NativeConstructorAccessorImpl.newInstance(Unknown Source)
	at sun.reflect.DelegatingConstructorAccessorImpl.newInstance(Unknown Source)
	at java.lang.reflect.Constructor.newInstance(Unknown Source)
	at org.openqa.selenium.remote.ErrorHandler.createThrowable(ErrorHandler.java:206)
	at org.openqa.selenium.remote.ErrorHandler.throwIfResponseFailed(ErrorHandler.java:158)
	at org.openqa.selenium.remote.RemoteWebDriver.execute(RemoteWebDriver.java:678)
	at org.openqa.selenium.remote.RemoteWebElement.execute(RemoteWebElement.java:327)
	at org.openqa.selenium.remote.RemoteWebElement.click(RemoteWebElement.java:85)
	at appModules.CreatePersonalExp_Action.Execute(CreatePersonalExp_Action.java:19)
	at testCases_Chrome.Create_Personal_Expense.CreatePeronalExpense(Create_Personal_Expense.java:61)
	at sun.reflect.NativeMethodAccessorImpl.invoke0(Native Method)
	at sun.reflect.NativeMethodAccessorImpl.invoke(Unknown Source)
	at sun.reflect.DelegatingMethodAccessorImpl.invoke(Unknown Source)
	at java.lang.reflect.Method.invoke(Unknown Source)
	at org.testng.internal.MethodInvocationHelper.invokeMethod(MethodInvocationHelper.java:85)
	at org.testng.internal.Invoker.invokeMethod(Invoker.java:639)
	at org.testng.internal.Invoker.invokeTestMethod(Invoker.java:816)
	at org.testng.internal.Invoker.invokeTestMethods(Invoker.java:1124)
	at org.testng.internal.TestMethodWorker.invokeTestMethods(TestMethodWorker.java:125)
	at org.testng.internal.TestMethodWorker.run(TestMethodWorker.java:108)
	at org.testng.TestRunner.privateRun(TestRunner.java:774)
	at org.testng.TestRunner.run(TestRunner.java:624)
	at org.testng.SuiteRunner.runTest(SuiteRunner.java:359)
	at org.testng.SuiteRunner.runSequentially(SuiteRunner.java:354)
	at org.testng.SuiteRunner.privateRun(SuiteRunner.java:312)
	at org.testng.SuiteRunner.run(SuiteRunner.java:261)
	at org.testng.SuiteRunnerWorker.runSuite(SuiteRunnerWorker.java:52)
	at org.testng.SuiteRunnerWorker.run(SuiteRunnerWorker.java:86)
	at org.testng.TestNG.runSuitesSequentially(TestNG.java:1215)
	at org.testng.TestNG.runSuitesLocally(TestNG.java:1140)
	at org.testng.TestNG.run(TestNG.java:1048)
	at org.testng.remote.AbstractRemoteTestNG.run(AbstractRemoteTestNG.java:126)
	at org.testng.remote.RemoteTestNG.initAndRun(RemoteTestNG.java:137)
	at org.testng.remote.RemoteTestNG.main(RemoteTestNG.java:58)
</pre></div></td>
<td>33</td>
<td>testCases_Chrome.Create_Personal_Expense@5c3bd550</td></tr>
<tr>
<td title='testCases_Chrome.Create_Personal_Expense_with_PDF_Receipt.CreatePersonalExpensewithPDFReceipt()'><b>CreatePersonalExpensewithPDFReceipt</b><br>Test class: testCases_Chrome.Create_Personal_Expense_with_PDF_Receipt<br/>
<a href="#Output-1228963996" onClick='toggleBox("Output-1228963996", this, "Show output", "Hide output");'>Show output</a>

<a href="#Output-1228963996" onClick="toggleAllBoxes();">Show all outputs</a>
<div class='log' id="Output-1228963996">
SignIn Action is successfully perfomred<br/>
Completed executing Create_Personal_Expense_with_PDF_Receipt.CreatePersonalExpensewithPDFReceipt<br/>
TestName = null<br/>
Test Method resides in testCases_Chrome.Create_Personal_Expense_with_PDF_Receipt<br/>
Test Status: Failed<br/>
About to begin executing Create_Personal_Expense_with_PDF_Receipt.afterMethod<br/>
</div>
</td>
<td><div><pre>org.openqa.selenium.ElementNotVisibleException: element not visible
  (Session info: chrome=51.0.2704.103)
  (Driver info: chromedriver=2.22.397933 (1cab651507b88dec79b2b2a22d1943c01833cc1b),platform=Windows NT 10.0.10586 x86_64) (WARNING: The server did not provide any stacktrace information)
Command duration or timeout: 46 milliseconds
Build info: version: &apos;2.53.1&apos;, revision: &apos;a36b8b1&apos;, time: &apos;2016-06-30 17:32:46&apos;
System info: host: &apos;AQQA-02&apos;, ip: &apos;192.168.10.115&apos;, os.name: &apos;Windows 8.1&apos;, os.arch: &apos;amd64&apos;, os.version: &apos;6.3&apos;, java.version: &apos;1.8.0_45&apos;
Driver info: org.openqa.selenium.chrome.ChromeDriver
Capabilities [{applicationCacheEnabled=false, rotatable=false, mobileEmulationEnabled=false, chrome={chromedriverVersion=2.22.397933 (1cab651507b88dec79b2b2a22d1943c01833cc1b), userDataDir=C:\Users\Priyanka\AppData\Local\Temp\scoped_dir7800_21151}, takesHeapSnapshot=true, databaseEnabled=false, handlesAlerts=true, hasTouchScreen=false, version=51.0.2704.103, platform=WIN8_1, browserConnectionEnabled=false, nativeEvents=true, acceptSslCerts=true, locationContextEnabled=true, webStorageEnabled=true, browserName=chrome, takesScreenshot=true, javascriptEnabled=true, cssSelectorsEnabled=true}]
Session ID: 1cd2d41e8973479988f19af45f10b067
	at org.openqa.selenium.remote.ErrorHandler.createThrowable(ErrorHandler.java:206)
	at org.openqa.selenium.remote.ErrorHandler.throwIfResponseFailed(ErrorHandler.java:158)
	at org.openqa.selenium.remote.RemoteWebDriver.execute(RemoteWebDriver.java:678)
	at org.openqa.selenium.remote.RemoteWebElement.execute(RemoteWebElement.java:327)
	at org.openqa.selenium.remote.RemoteWebElement.click(RemoteWebElement.java:85)
	at appModules.PersonalExpWithReceipt_Action$PersonalExpWithReceiptPNG_Action.Execute(PersonalExpWithReceipt_Action.java:70)
	at testCases_Chrome.Create_Personal_Expense_with_PDF_Receipt.CreatePersonalExpensewithPDFReceipt(Create_Personal_Expense_with_PDF_Receipt.java:62)
... Removed 28 stack frames</pre></div><a href='#' onClick='toggleBox("stack-trace1228963996", this, "Click to show all stack frames", "Click to hide stack frames")'>Click to show all stack frames</a>
<div class='stack-trace' id='stack-trace1228963996'><pre>org.openqa.selenium.ElementNotVisibleException: element not visible
  (Session info: chrome=51.0.2704.103)
  (Driver info: chromedriver=2.22.397933 (1cab651507b88dec79b2b2a22d1943c01833cc1b),platform=Windows NT 10.0.10586 x86_64) (WARNING: The server did not provide any stacktrace information)
Command duration or timeout: 46 milliseconds
Build info: version: &apos;2.53.1&apos;, revision: &apos;a36b8b1&apos;, time: &apos;2016-06-30 17:32:46&apos;
System info: host: &apos;AQQA-02&apos;, ip: &apos;192.168.10.115&apos;, os.name: &apos;Windows 8.1&apos;, os.arch: &apos;amd64&apos;, os.version: &apos;6.3&apos;, java.version: &apos;1.8.0_45&apos;
Driver info: org.openqa.selenium.chrome.ChromeDriver
Capabilities [{applicationCacheEnabled=false, rotatable=false, mobileEmulationEnabled=false, chrome={chromedriverVersion=2.22.397933 (1cab651507b88dec79b2b2a22d1943c01833cc1b), userDataDir=C:\Users\Priyanka\AppData\Local\Temp\scoped_dir7800_21151}, takesHeapSnapshot=true, databaseEnabled=false, handlesAlerts=true, hasTouchScreen=false, version=51.0.2704.103, platform=WIN8_1, browserConnectionEnabled=false, nativeEvents=true, acceptSslCerts=true, locationContextEnabled=true, webStorageEnabled=true, browserName=chrome, takesScreenshot=true, javascriptEnabled=true, cssSelectorsEnabled=true}]
Session ID: 1cd2d41e8973479988f19af45f10b067
	at sun.reflect.NativeConstructorAccessorImpl.newInstance0(Native Method)
	at sun.reflect.NativeConstructorAccessorImpl.newInstance(Unknown Source)
	at sun.reflect.DelegatingConstructorAccessorImpl.newInstance(Unknown Source)
	at java.lang.reflect.Constructor.newInstance(Unknown Source)
	at org.openqa.selenium.remote.ErrorHandler.createThrowable(ErrorHandler.java:206)
	at org.openqa.selenium.remote.ErrorHandler.throwIfResponseFailed(ErrorHandler.java:158)
	at org.openqa.selenium.remote.RemoteWebDriver.execute(RemoteWebDriver.java:678)
	at org.openqa.selenium.remote.RemoteWebElement.execute(RemoteWebElement.java:327)
	at org.openqa.selenium.remote.RemoteWebElement.click(RemoteWebElement.java:85)
	at appModules.PersonalExpWithReceipt_Action$PersonalExpWithReceiptPNG_Action.Execute(PersonalExpWithReceipt_Action.java:70)
	at testCases_Chrome.Create_Personal_Expense_with_PDF_Receipt.CreatePersonalExpensewithPDFReceipt(Create_Personal_Expense_with_PDF_Receipt.java:62)
	at sun.reflect.NativeMethodAccessorImpl.invoke0(Native Method)
	at sun.reflect.NativeMethodAccessorImpl.invoke(Unknown Source)
	at sun.reflect.DelegatingMethodAccessorImpl.invoke(Unknown Source)
	at java.lang.reflect.Method.invoke(Unknown Source)
	at org.testng.internal.MethodInvocationHelper.invokeMethod(MethodInvocationHelper.java:85)
	at org.testng.internal.Invoker.invokeMethod(Invoker.java:639)
	at org.testng.internal.Invoker.invokeTestMethod(Invoker.java:816)
	at org.testng.internal.Invoker.invokeTestMethods(Invoker.java:1124)
	at org.testng.internal.TestMethodWorker.invokeTestMethods(TestMethodWorker.java:125)
	at org.testng.internal.TestMethodWorker.run(TestMethodWorker.java:108)
	at org.testng.TestRunner.privateRun(TestRunner.java:774)
	at org.testng.TestRunner.run(TestRunner.java:624)
	at org.testng.SuiteRunner.runTest(SuiteRunner.java:359)
	at org.testng.SuiteRunner.runSequentially(SuiteRunner.java:354)
	at org.testng.SuiteRunner.privateRun(SuiteRunner.java:312)
	at org.testng.SuiteRunner.run(SuiteRunner.java:261)
	at org.testng.SuiteRunnerWorker.runSuite(SuiteRunnerWorker.java:52)
	at org.testng.SuiteRunnerWorker.run(SuiteRunnerWorker.java:86)
	at org.testng.TestNG.runSuitesSequentially(TestNG.java:1215)
	at org.testng.TestNG.runSuitesLocally(TestNG.java:1140)
	at org.testng.TestNG.run(TestNG.java:1048)
	at org.testng.remote.AbstractRemoteTestNG.run(AbstractRemoteTestNG.java:126)
	at org.testng.remote.RemoteTestNG.initAndRun(RemoteTestNG.java:137)
	at org.testng.remote.RemoteTestNG.main(RemoteTestNG.java:58)
</pre></div></td>
<td>17</td>
<td>testCases_Chrome.Create_Personal_Expense_with_PDF_Receipt@91161c7</td></tr>
<tr>
<td title='testCases_Chrome.Create_Personal_Expense_with_PDF_PNG_Receipt.CreatePersonalExpensewithPDFandPNGReceipt()'><b>CreatePersonalExpensewithPDFandPNGReceipt</b><br>Test class: testCases_Chrome.Create_Personal_Expense_with_PDF_PNG_Receipt<br/>
<a href="#Output-1834031967" onClick='toggleBox("Output-1834031967", this, "Show output", "Hide output");'>Show output</a>

<a href="#Output-1834031967" onClick="toggleAllBoxes();">Show all outputs</a>
<div class='log' id="Output-1834031967">
SignIn Action is successfully perfomred<br/>
Completed executing Create_Personal_Expense_with_PDF_PNG_Receipt.CreatePersonalExpensewithPDFandPNGReceipt<br/>
TestName = null<br/>
Test Method resides in testCases_Chrome.Create_Personal_Expense_with_PDF_PNG_Receipt<br/>
Test Status: Failed<br/>
About to begin executing Create_Personal_Expense_with_PDF_PNG_Receipt.afterMethod<br/>
</div>
</td>
<td><div><pre>org.openqa.selenium.ElementNotVisibleException: element not visible
  (Session info: chrome=51.0.2704.103)
  (Driver info: chromedriver=2.22.397933 (1cab651507b88dec79b2b2a22d1943c01833cc1b),platform=Windows NT 10.0.10586 x86_64) (WARNING: The server did not provide any stacktrace information)
Command duration or timeout: 40 milliseconds
Build info: version: &apos;2.53.1&apos;, revision: &apos;a36b8b1&apos;, time: &apos;2016-06-30 17:32:46&apos;
System info: host: &apos;AQQA-02&apos;, ip: &apos;192.168.10.115&apos;, os.name: &apos;Windows 8.1&apos;, os.arch: &apos;amd64&apos;, os.version: &apos;6.3&apos;, java.version: &apos;1.8.0_45&apos;
Driver info: org.openqa.selenium.chrome.ChromeDriver
Capabilities [{applicationCacheEnabled=false, rotatable=false, mobileEmulationEnabled=false, chrome={chromedriverVersion=2.22.397933 (1cab651507b88dec79b2b2a22d1943c01833cc1b), userDataDir=C:\Users\Priyanka\AppData\Local\Temp\scoped_dir7520_11251}, takesHeapSnapshot=true, databaseEnabled=false, handlesAlerts=true, hasTouchScreen=false, version=51.0.2704.103, platform=WIN8_1, browserConnectionEnabled=false, nativeEvents=true, acceptSslCerts=true, locationContextEnabled=true, webStorageEnabled=true, browserName=chrome, takesScreenshot=true, javascriptEnabled=true, cssSelectorsEnabled=true}]
Session ID: 0033fe87d47590e28ad6af1249cede0b
	at org.openqa.selenium.remote.ErrorHandler.createThrowable(ErrorHandler.java:206)
	at org.openqa.selenium.remote.ErrorHandler.throwIfResponseFailed(ErrorHandler.java:158)
	at org.openqa.selenium.remote.RemoteWebDriver.execute(RemoteWebDriver.java:678)
	at org.openqa.selenium.remote.RemoteWebElement.execute(RemoteWebElement.java:327)
	at org.openqa.selenium.remote.RemoteWebElement.click(RemoteWebElement.java:85)
	at appModules.PersonalExpWithReceipt_Action$PersonalExpWithReceiptPNGandPDF_Action.Execute(PersonalExpWithReceipt_Action.java:123)
	at testCases_Chrome.Create_Personal_Expense_with_PDF_PNG_Receipt.CreatePersonalExpensewithPDFandPNGReceipt(Create_Personal_Expense_with_PDF_PNG_Receipt.java:63)
... Removed 28 stack frames</pre></div><a href='#' onClick='toggleBox("stack-trace1834031967", this, "Click to show all stack frames", "Click to hide stack frames")'>Click to show all stack frames</a>
<div class='stack-trace' id='stack-trace1834031967'><pre>org.openqa.selenium.ElementNotVisibleException: element not visible
  (Session info: chrome=51.0.2704.103)
  (Driver info: chromedriver=2.22.397933 (1cab651507b88dec79b2b2a22d1943c01833cc1b),platform=Windows NT 10.0.10586 x86_64) (WARNING: The server did not provide any stacktrace information)
Command duration or timeout: 40 milliseconds
Build info: version: &apos;2.53.1&apos;, revision: &apos;a36b8b1&apos;, time: &apos;2016-06-30 17:32:46&apos;
System info: host: &apos;AQQA-02&apos;, ip: &apos;192.168.10.115&apos;, os.name: &apos;Windows 8.1&apos;, os.arch: &apos;amd64&apos;, os.version: &apos;6.3&apos;, java.version: &apos;1.8.0_45&apos;
Driver info: org.openqa.selenium.chrome.ChromeDriver
Capabilities [{applicationCacheEnabled=false, rotatable=false, mobileEmulationEnabled=false, chrome={chromedriverVersion=2.22.397933 (1cab651507b88dec79b2b2a22d1943c01833cc1b), userDataDir=C:\Users\Priyanka\AppData\Local\Temp\scoped_dir7520_11251}, takesHeapSnapshot=true, databaseEnabled=false, handlesAlerts=true, hasTouchScreen=false, version=51.0.2704.103, platform=WIN8_1, browserConnectionEnabled=false, nativeEvents=true, acceptSslCerts=true, locationContextEnabled=true, webStorageEnabled=true, browserName=chrome, takesScreenshot=true, javascriptEnabled=true, cssSelectorsEnabled=true}]
Session ID: 0033fe87d47590e28ad6af1249cede0b
	at sun.reflect.NativeConstructorAccessorImpl.newInstance0(Native Method)
	at sun.reflect.NativeConstructorAccessorImpl.newInstance(Unknown Source)
	at sun.reflect.DelegatingConstructorAccessorImpl.newInstance(Unknown Source)
	at java.lang.reflect.Constructor.newInstance(Unknown Source)
	at org.openqa.selenium.remote.ErrorHandler.createThrowable(ErrorHandler.java:206)
	at org.openqa.selenium.remote.ErrorHandler.throwIfResponseFailed(ErrorHandler.java:158)
	at org.openqa.selenium.remote.RemoteWebDriver.execute(RemoteWebDriver.java:678)
	at org.openqa.selenium.remote.RemoteWebElement.execute(RemoteWebElement.java:327)
	at org.openqa.selenium.remote.RemoteWebElement.click(RemoteWebElement.java:85)
	at appModules.PersonalExpWithReceipt_Action$PersonalExpWithReceiptPNGandPDF_Action.Execute(PersonalExpWithReceipt_Action.java:123)
	at testCases_Chrome.Create_Personal_Expense_with_PDF_PNG_Receipt.CreatePersonalExpensewithPDFandPNGReceipt(Create_Personal_Expense_with_PDF_PNG_Receipt.java:63)
	at sun.reflect.NativeMethodAccessorImpl.invoke0(Native Method)
	at sun.reflect.NativeMethodAccessorImpl.invoke(Unknown Source)
	at sun.reflect.DelegatingMethodAccessorImpl.invoke(Unknown Source)
	at java.lang.reflect.Method.invoke(Unknown Source)
	at org.testng.internal.MethodInvocationHelper.invokeMethod(MethodInvocationHelper.java:85)
	at org.testng.internal.Invoker.invokeMethod(Invoker.java:639)
	at org.testng.internal.Invoker.invokeTestMethod(Invoker.java:816)
	at org.testng.internal.Invoker.invokeTestMethods(Invoker.java:1124)
	at org.testng.internal.TestMethodWorker.invokeTestMethods(TestMethodWorker.java:125)
	at org.testng.internal.TestMethodWorker.run(TestMethodWorker.java:108)
	at org.testng.TestRunner.privateRun(TestRunner.java:774)
	at org.testng.TestRunner.run(TestRunner.java:624)
	at org.testng.SuiteRunner.runTest(SuiteRunner.java:359)
	at org.testng.SuiteRunner.runSequentially(SuiteRunner.java:354)
	at org.testng.SuiteRunner.privateRun(SuiteRunner.java:312)
	at org.testng.SuiteRunner.run(SuiteRunner.java:261)
	at org.testng.SuiteRunnerWorker.runSuite(SuiteRunnerWorker.java:52)
	at org.testng.SuiteRunnerWorker.run(SuiteRunnerWorker.java:86)
	at org.testng.TestNG.runSuitesSequentially(TestNG.java:1215)
	at org.testng.TestNG.runSuitesLocally(TestNG.java:1140)
	at org.testng.TestNG.run(TestNG.java:1048)
	at org.testng.remote.AbstractRemoteTestNG.run(AbstractRemoteTestNG.java:126)
	at org.testng.remote.RemoteTestNG.initAndRun(RemoteTestNG.java:137)
	at org.testng.remote.RemoteTestNG.main(RemoteTestNG.java:58)
</pre></div></td>
<td>20</td>
<td>testCases_Chrome.Create_Personal_Expense_with_PDF_PNG_Receipt@6a4f787b</td></tr>
<tr>
<td title='testCases_Chrome.Create_Personal_Expense_with_PNG_Receipt.CreatePersonalExpensewithPNGReceipt()'><b>CreatePersonalExpensewithPNGReceipt</b><br>Test class: testCases_Chrome.Create_Personal_Expense_with_PNG_Receipt<br/>
<a href="#Output-57085696" onClick='toggleBox("Output-57085696", this, "Show output", "Hide output");'>Show output</a>

<a href="#Output-57085696" onClick="toggleAllBoxes();">Show all outputs</a>
<div class='log' id="Output-57085696">
SignIn Action is successfully perfomred<br/>
Completed executing Create_Personal_Expense_with_PNG_Receipt.CreatePersonalExpensewithPNGReceipt<br/>
TestName = null<br/>
Test Method resides in testCases_Chrome.Create_Personal_Expense_with_PNG_Receipt<br/>
Test Status: Failed<br/>
About to begin executing Create_Personal_Expense_with_PNG_Receipt.afterMethod<br/>
</div>
</td>
<td><div><pre>org.openqa.selenium.ElementNotVisibleException: element not visible
  (Session info: chrome=51.0.2704.103)
  (Driver info: chromedriver=2.22.397933 (1cab651507b88dec79b2b2a22d1943c01833cc1b),platform=Windows NT 10.0.10586 x86_64) (WARNING: The server did not provide any stacktrace information)
Command duration or timeout: 32 milliseconds
Build info: version: &apos;2.53.1&apos;, revision: &apos;a36b8b1&apos;, time: &apos;2016-06-30 17:32:46&apos;
System info: host: &apos;AQQA-02&apos;, ip: &apos;192.168.10.115&apos;, os.name: &apos;Windows 8.1&apos;, os.arch: &apos;amd64&apos;, os.version: &apos;6.3&apos;, java.version: &apos;1.8.0_45&apos;
Driver info: org.openqa.selenium.chrome.ChromeDriver
Capabilities [{applicationCacheEnabled=false, rotatable=false, mobileEmulationEnabled=false, chrome={chromedriverVersion=2.22.397933 (1cab651507b88dec79b2b2a22d1943c01833cc1b), userDataDir=C:\Users\Priyanka\AppData\Local\Temp\scoped_dir13152_3385}, takesHeapSnapshot=true, databaseEnabled=false, handlesAlerts=true, hasTouchScreen=false, version=51.0.2704.103, platform=WIN8_1, browserConnectionEnabled=false, nativeEvents=true, acceptSslCerts=true, locationContextEnabled=true, webStorageEnabled=true, browserName=chrome, takesScreenshot=true, javascriptEnabled=true, cssSelectorsEnabled=true}]
Session ID: 58fc648f59fe4f521b5c56b8af52a6ee
	at org.openqa.selenium.remote.ErrorHandler.createThrowable(ErrorHandler.java:206)
	at org.openqa.selenium.remote.ErrorHandler.throwIfResponseFailed(ErrorHandler.java:158)
	at org.openqa.selenium.remote.RemoteWebDriver.execute(RemoteWebDriver.java:678)
	at org.openqa.selenium.remote.RemoteWebElement.execute(RemoteWebElement.java:327)
	at org.openqa.selenium.remote.RemoteWebElement.click(RemoteWebElement.java:85)
	at appModules.PersonalExpWithReceipt_Action$PersonalExpWithReceiptPDF_Action.Execute(PersonalExpWithReceipt_Action.java:17)
	at testCases_Chrome.Create_Personal_Expense_with_PNG_Receipt.CreatePersonalExpensewithPNGReceipt(Create_Personal_Expense_with_PNG_Receipt.java:62)
... Removed 28 stack frames</pre></div><a href='#' onClick='toggleBox("stack-trace57085696", this, "Click to show all stack frames", "Click to hide stack frames")'>Click to show all stack frames</a>
<div class='stack-trace' id='stack-trace57085696'><pre>org.openqa.selenium.ElementNotVisibleException: element not visible
  (Session info: chrome=51.0.2704.103)
  (Driver info: chromedriver=2.22.397933 (1cab651507b88dec79b2b2a22d1943c01833cc1b),platform=Windows NT 10.0.10586 x86_64) (WARNING: The server did not provide any stacktrace information)
Command duration or timeout: 32 milliseconds
Build info: version: &apos;2.53.1&apos;, revision: &apos;a36b8b1&apos;, time: &apos;2016-06-30 17:32:46&apos;
System info: host: &apos;AQQA-02&apos;, ip: &apos;192.168.10.115&apos;, os.name: &apos;Windows 8.1&apos;, os.arch: &apos;amd64&apos;, os.version: &apos;6.3&apos;, java.version: &apos;1.8.0_45&apos;
Driver info: org.openqa.selenium.chrome.ChromeDriver
Capabilities [{applicationCacheEnabled=false, rotatable=false, mobileEmulationEnabled=false, chrome={chromedriverVersion=2.22.397933 (1cab651507b88dec79b2b2a22d1943c01833cc1b), userDataDir=C:\Users\Priyanka\AppData\Local\Temp\scoped_dir13152_3385}, takesHeapSnapshot=true, databaseEnabled=false, handlesAlerts=true, hasTouchScreen=false, version=51.0.2704.103, platform=WIN8_1, browserConnectionEnabled=false, nativeEvents=true, acceptSslCerts=true, locationContextEnabled=true, webStorageEnabled=true, browserName=chrome, takesScreenshot=true, javascriptEnabled=true, cssSelectorsEnabled=true}]
Session ID: 58fc648f59fe4f521b5c56b8af52a6ee
	at sun.reflect.NativeConstructorAccessorImpl.newInstance0(Native Method)
	at sun.reflect.NativeConstructorAccessorImpl.newInstance(Unknown Source)
	at sun.reflect.DelegatingConstructorAccessorImpl.newInstance(Unknown Source)
	at java.lang.reflect.Constructor.newInstance(Unknown Source)
	at org.openqa.selenium.remote.ErrorHandler.createThrowable(ErrorHandler.java:206)
	at org.openqa.selenium.remote.ErrorHandler.throwIfResponseFailed(ErrorHandler.java:158)
	at org.openqa.selenium.remote.RemoteWebDriver.execute(RemoteWebDriver.java:678)
	at org.openqa.selenium.remote.RemoteWebElement.execute(RemoteWebElement.java:327)
	at org.openqa.selenium.remote.RemoteWebElement.click(RemoteWebElement.java:85)
	at appModules.PersonalExpWithReceipt_Action$PersonalExpWithReceiptPDF_Action.Execute(PersonalExpWithReceipt_Action.java:17)
	at testCases_Chrome.Create_Personal_Expense_with_PNG_Receipt.CreatePersonalExpensewithPNGReceipt(Create_Personal_Expense_with_PNG_Receipt.java:62)
	at sun.reflect.NativeMethodAccessorImpl.invoke0(Native Method)
	at sun.reflect.NativeMethodAccessorImpl.invoke(Unknown Source)
	at sun.reflect.DelegatingMethodAccessorImpl.invoke(Unknown Source)
	at java.lang.reflect.Method.invoke(Unknown Source)
	at org.testng.internal.MethodInvocationHelper.invokeMethod(MethodInvocationHelper.java:85)
	at org.testng.internal.Invoker.invokeMethod(Invoker.java:639)
	at org.testng.internal.Invoker.invokeTestMethod(Invoker.java:816)
	at org.testng.internal.Invoker.invokeTestMethods(Invoker.java:1124)
	at org.testng.internal.TestMethodWorker.invokeTestMethods(TestMethodWorker.java:125)
	at org.testng.internal.TestMethodWorker.run(TestMethodWorker.java:108)
	at org.testng.TestRunner.privateRun(TestRunner.java:774)
	at org.testng.TestRunner.run(TestRunner.java:624)
	at org.testng.SuiteRunner.runTest(SuiteRunner.java:359)
	at org.testng.SuiteRunner.runSequentially(SuiteRunner.java:354)
	at org.testng.SuiteRunner.privateRun(SuiteRunner.java:312)
	at org.testng.SuiteRunner.run(SuiteRunner.java:261)
	at org.testng.SuiteRunnerWorker.runSuite(SuiteRunnerWorker.java:52)
	at org.testng.SuiteRunnerWorker.run(SuiteRunnerWorker.java:86)
	at org.testng.TestNG.runSuitesSequentially(TestNG.java:1215)
	at org.testng.TestNG.runSuitesLocally(TestNG.java:1140)
	at org.testng.TestNG.run(TestNG.java:1048)
	at org.testng.remote.AbstractRemoteTestNG.run(AbstractRemoteTestNG.java:126)
	at org.testng.remote.RemoteTestNG.initAndRun(RemoteTestNG.java:137)
	at org.testng.remote.RemoteTestNG.main(RemoteTestNG.java:58)
</pre></div></td>
<td>17</td>
<td>testCases_Chrome.Create_Personal_Expense_with_PNG_Receipt@604ed9f0</td></tr>
</table><p>
<table width='100%' border='1' class='invocation-passed'>
<tr><td colspan='4' align='center'><b>PASSED TESTS</b></td></tr>
<tr><td><b>Test method</b></td>
<td width="30%"><b>Exception</b></td>
<td width="10%"><b>Time (seconds)</b></td>
<td><b>Instance</b></td>
</tr>
<tr>
<td title='testCases_Chrome.Create_Business_Expense.CreateBusinessExpense()'><b>CreateBusinessExpense</b><br>Test class: testCases_Chrome.Create_Business_Expense<br/>
<a href="#Output-2043106095" onClick='toggleBox("Output-2043106095", this, "Show output", "Hide output");'>Show output</a>

<a href="#Output-2043106095" onClick="toggleAllBoxes();">Show all outputs</a>
<div class='log' id="Output-2043106095">
SignIn Action is successfully perfomred<br/>
Completed executing Create_Business_Expense.CreateBusinessExpense<br/>
TestName = null<br/>
Test Method resides in testCases_Chrome.Create_Business_Expense<br/>
Test Status: Pass<br/>
About to begin executing Create_Business_Expense.afterMethod<br/>
</div>
</td>
<td></td>
<td>9</td>
<td>testCases_Chrome.Create_Business_Expense@66a3ffec</td></tr>
<tr>
<td title='testCases_Chrome.Create_Business_Expense_EntertainmentClient.CreateBusinessExpense_EntertainmentClient()'><b>CreateBusinessExpense_EntertainmentClient</b><br>Test class: testCases_Chrome.Create_Business_Expense_EntertainmentClient<br/>
<a href="#Output-352776719" onClick='toggleBox("Output-352776719", this, "Show output", "Hide output");'>Show output</a>

<a href="#Output-352776719" onClick="toggleAllBoxes();">Show all outputs</a>
<div class='log' id="Output-352776719">
SignIn Action is successfully perfomred<br/>
Completed executing Create_Business_Expense_EntertainmentClient.CreateBusinessExpense_EntertainmentClient<br/>
TestName = null<br/>
Test Method resides in testCases_Chrome.Create_Business_Expense_EntertainmentClient<br/>
Test Status: Pass<br/>
About to begin executing Create_Business_Expense_EntertainmentClient.afterMethod<br/>
</div>
</td>
<td></td>
<td>54</td>
<td>testCases_Chrome.Create_Business_Expense_EntertainmentClient@1e88b3c</td></tr>
<tr>
<td title='testCases_Chrome.Create_Business_Expense_HotelAndLodging.CreateBusinessExpense_HotelAndLodging()'><b>CreateBusinessExpense_HotelAndLodging</b><br>Test class: testCases_Chrome.Create_Business_Expense_HotelAndLodging<br/>
<a href="#Output-1543518287" onClick='toggleBox("Output-1543518287", this, "Show output", "Hide output");'>Show output</a>

<a href="#Output-1543518287" onClick="toggleAllBoxes();">Show all outputs</a>
<div class='log' id="Output-1543518287">
SignIn Action is successfully perfomred<br/>
Completed executing Create_Business_Expense_HotelAndLodging.CreateBusinessExpense_HotelAndLodging<br/>
TestName = null<br/>
Test Method resides in testCases_Chrome.Create_Business_Expense_HotelAndLodging<br/>
Test Status: Pass<br/>
About to begin executing Create_Business_Expense_HotelAndLodging.afterMethod<br/>
</div>
</td>
<td></td>
<td>56</td>
<td>testCases_Chrome.Create_Business_Expense_HotelAndLodging@42d80b78</td></tr>
<tr>
<td title='testCases_Chrome.Create_Business_Expense_Mileage.CreateBusinessExpense_Mileage()'><b>CreateBusinessExpense_Mileage</b><br>Test class: testCases_Chrome.Create_Business_Expense_Mileage<br/>
<a href="#Output-1155769010" onClick='toggleBox("Output-1155769010", this, "Show output", "Hide output");'>Show output</a>

<a href="#Output-1155769010" onClick="toggleAllBoxes();">Show all outputs</a>
<div class='log' id="Output-1155769010">
SignIn Action is successfully perfomred<br/>
Completed executing Create_Business_Expense_Mileage.CreateBusinessExpense_Mileage<br/>
TestName = null<br/>
Test Method resides in testCases_Chrome.Create_Business_Expense_Mileage<br/>
Test Status: Pass<br/>
About to begin executing Create_Business_Expense_Mileage.afterMethod<br/>
</div>
</td>
<td></td>
<td>61</td>
<td>testCases_Chrome.Create_Business_Expense_Mileage@77caeb3e</td></tr>
<tr>
<td title='testCases_Chrome.Create_Business_Expense_with_PDF_Receipt.CreateBusinessExpensewithPDFReceipt()'><b>CreateBusinessExpensewithPDFReceipt</b><br>Test class: testCases_Chrome.Create_Business_Expense_with_PDF_Receipt<br/>
<a href="#Output-1805443519" onClick='toggleBox("Output-1805443519", this, "Show output", "Hide output");'>Show output</a>

<a href="#Output-1805443519" onClick="toggleAllBoxes();">Show all outputs</a>
<div class='log' id="Output-1805443519">
SignIn Action is successfully perfomred<br/>
Completed executing Create_Business_Expense_with_PDF_Receipt.CreateBusinessExpensewithPDFReceipt<br/>
TestName = null<br/>
Test Method resides in testCases_Chrome.Create_Business_Expense_with_PDF_Receipt<br/>
Test Status: Pass<br/>
About to begin executing Create_Business_Expense_with_PDF_Receipt.afterMethod<br/>
</div>
</td>
<td></td>
<td>76</td>
<td>testCases_Chrome.Create_Business_Expense_with_PDF_Receipt@3bfdc050</td></tr>
<tr>
<td title='testCases_Chrome.Create_Business_Expense_with_PDF_PNG_Receipt.CreateBusinessExpensewithPDFandPNGReceipt()'><b>CreateBusinessExpensewithPDFandPNGReceipt</b><br>Test class: testCases_Chrome.Create_Business_Expense_with_PDF_PNG_Receipt<br/>
<a href="#Output-1101598632" onClick='toggleBox("Output-1101598632", this, "Show output", "Hide output");'>Show output</a>

<a href="#Output-1101598632" onClick="toggleAllBoxes();">Show all outputs</a>
<div class='log' id="Output-1101598632">
SignIn Action is successfully perfomred<br/>
Completed executing Create_Business_Expense_with_PDF_PNG_Receipt.CreateBusinessExpensewithPDFandPNGReceipt<br/>
TestName = null<br/>
Test Method resides in testCases_Chrome.Create_Business_Expense_with_PDF_PNG_Receipt<br/>
Test Status: Pass<br/>
About to begin executing Create_Business_Expense_with_PDF_PNG_Receipt.afterMethod<br/>
</div>
</td>
<td></td>
<td>114</td>
<td>testCases_Chrome.Create_Business_Expense_with_PDF_PNG_Receipt@5e3a8624</td></tr>
<tr>
<td title='testCases_Chrome.Create_Business_Expense_with_PNG_Receipt.CreateBusinessExpensewithPNGReceipt()'><b>CreateBusinessExpensewithPNGReceipt</b><br>Test class: testCases_Chrome.Create_Business_Expense_with_PNG_Receipt<br/>
<a href="#Output-1274247563" onClick='toggleBox("Output-1274247563", this, "Show output", "Hide output");'>Show output</a>

<a href="#Output-1274247563" onClick="toggleAllBoxes();">Show all outputs</a>
<div class='log' id="Output-1274247563">
SignIn Action is successfully perfomred<br/>
Completed executing Create_Business_Expense_with_PNG_Receipt.CreateBusinessExpensewithPNGReceipt<br/>
TestName = null<br/>
Test Method resides in testCases_Chrome.Create_Business_Expense_with_PNG_Receipt<br/>
Test Status: Pass<br/>
About to begin executing Create_Business_Expense_with_PNG_Receipt.afterMethod<br/>
</div>
</td>
<td></td>
<td>82</td>
<td>testCases_Chrome.Create_Business_Expense_with_PNG_Receipt@1bce4f0a</td></tr>
<tr>
<td title='testCases_Chrome.Login_to_SOLO.LoginLogout()'><b>LoginLogout</b><br>Test class: testCases_Chrome.Login_to_SOLO<br/>
<a href="#Output-2118255842" onClick='toggleBox("Output-2118255842", this, "Show output", "Hide output");'>Show output</a>

<a href="#Output-2118255842" onClick="toggleAllBoxes();">Show all outputs</a>
<div class='log' id="Output-2118255842">
SignIn Action is successfully perfomred<br/>
Completed executing Login_to_SOLO.LoginLogout<br/>
TestName = null<br/>
Test Method resides in testCases_Chrome.Login_to_SOLO<br/>
Test Status: Pass<br/>
About to begin executing Login_to_SOLO.afterMethod<br/>
</div>
</td>
<td></td>
<td>13</td>
<td>testCases_Chrome.Login_to_SOLO@3e6fa38a</td></tr>
</table><p>
</body>
</html>