<?xml version="1.0" encoding="UTF-8"?>
<!-- Generated by org.testng.reporters.JUnitXMLReporter -->
<testsuite ignored="0" hostname="LAPTOP-D0EUV54V" failures="0" tests="19" name="Practise xml Template" time="52.676" errors="0" timestamp="2020-01-20T16:53:35 IST">
  <testcase classname="testpackage.PractiseTestng" name="@BeforeMethod setup" time="15.578">
    <failure type="org.openqa.selenium.SessionNotCreatedException" message="session not created
from chrome not reachable
  (Session info: chrome=79.0.3945.130)
Build info: version: &amp;apos;3.141.59&amp;apos;, revision: &amp;apos;e82be7d358&amp;apos;, time: &amp;apos;2018-11-14T08:25:48&amp;apos;
System info: host: &amp;apos;LAPTOP-D0EUV54V&amp;apos;, ip: &amp;apos;192.168.1.120&amp;apos;, os.name: &amp;apos;Windows 10&amp;apos;, os.arch: &amp;apos;amd64&amp;apos;, os.version: &amp;apos;10.0&amp;apos;, java.version: &amp;apos;13.0.1&amp;apos;
Driver info: driver.version: ChromeDriver
remote stacktrace: Backtrace:
	Ordinal0 [0x0020A903+1550595]
	Ordinal0 [0x0018A701+1025793]
	Ordinal0 [0x0010C58E+509326]
	Ordinal0 [0x001062C2+484034]
	Ordinal0 [0x0010699B+485787]
	Ordinal0 [0x00107B05+490245]
	Ordinal0 [0x00103A85+473733]
	Ordinal0 [0x0010D330+512816]
	Ordinal0 [0x000BB649+177737]
	Ordinal0 [0x000BA8ED+174317]
	Ordinal0 [0x000B8CDB+167131]
	Ordinal0 [0x000A144A+70730]
	Ordinal0 [0x000A24D0+74960]
	Ordinal0 [0x000A2469+74857]
	Ordinal0 [0x001A42C7+1131207]
	GetHandleVerifier [0x002A70FD+523789]
	GetHandleVerifier [0x002A6E90+523168]
	GetHandleVerifier [0x002AE1E7+552695]
	GetHandleVerifier [0x002A78FA+525834]
	Ordinal0 [0x0019B7FC+1095676]
	Ordinal0 [0x001A633B+1139515]
	Ordinal0 [0x001A64A3+1139875]
	Ordinal0 [0x001A5425+1135653]
	BaseThreadInitThunk [0x75F26359+25]
	RtlGetAppContainerNamedObjectPath [0x77BC7B74+228]
	RtlGetAppContainerNamedObjectPath [0x77BC7B44+180]
	(No symbol) [0x00000000]
">
      <![CDATA[org.openqa.selenium.SessionNotCreatedException: session not created
from chrome not reachable
  (Session info: chrome=79.0.3945.130)
Build info: version: '3.141.59', revision: 'e82be7d358', time: '2018-11-14T08:25:48'
System info: host: 'LAPTOP-D0EUV54V', ip: '192.168.1.120', os.name: 'Windows 10', os.arch: 'amd64', os.version: '10.0', java.version: '13.0.1'
Driver info: driver.version: ChromeDriver
remote stacktrace: Backtrace:
Ordinal0 [0x0020A903+1550595]
Ordinal0 [0x0018A701+1025793]
Ordinal0 [0x0010C58E+509326]
Ordinal0 [0x001062C2+484034]
Ordinal0 [0x0010699B+485787]
Ordinal0 [0x00107B05+490245]
Ordinal0 [0x00103A85+473733]
Ordinal0 [0x0010D330+512816]
Ordinal0 [0x000BB649+177737]
Ordinal0 [0x000BA8ED+174317]
Ordinal0 [0x000B8CDB+167131]
Ordinal0 [0x000A144A+70730]
Ordinal0 [0x000A24D0+74960]
Ordinal0 [0x000A2469+74857]
Ordinal0 [0x001A42C7+1131207]
GetHandleVerifier [0x002A70FD+523789]
GetHandleVerifier [0x002A6E90+523168]
GetHandleVerifier [0x002AE1E7+552695]
GetHandleVerifier [0x002A78FA+525834]
Ordinal0 [0x0019B7FC+1095676]
Ordinal0 [0x001A633B+1139515]
Ordinal0 [0x001A64A3+1139875]
Ordinal0 [0x001A5425+1135653]
BaseThreadInitThunk [0x75F26359+25]
RtlGetAppContainerNamedObjectPath [0x77BC7B74+228]
RtlGetAppContainerNamedObjectPath [0x77BC7B44+180]
(No symbol) [0x00000000]

at org.openqa.selenium.remote.W3CHandshakeResponse.lambda$errorHandler$0(W3CHandshakeResponse.java:62)
at org.openqa.selenium.remote.HandshakeResponse.lambda$getResponseFunction$0(HandshakeResponse.java:30)
at org.openqa.selenium.remote.ProtocolHandshake.lambda$createSession$0(ProtocolHandshake.java:126)
at java.base/java.util.stream.ReferencePipeline$3$1.accept(ReferencePipeline.java:195)
at java.base/java.util.Spliterators$ArraySpliterator.tryAdvance(Spliterators.java:958)
at java.base/java.util.stream.ReferencePipeline.forEachWithCancel(ReferencePipeline.java:127)
at java.base/java.util.stream.AbstractPipeline.copyIntoWithCancel(AbstractPipeline.java:502)
at java.base/java.util.stream.AbstractPipeline.copyInto(AbstractPipeline.java:488)
at java.base/java.util.stream.AbstractPipeline.wrapAndCopyInto(AbstractPipeline.java:474)
at java.base/java.util.stream.FindOps$FindOp.evaluateSequential(FindOps.java:150)
at java.base/java.util.stream.AbstractPipeline.evaluate(AbstractPipeline.java:234)
at java.base/java.util.stream.ReferencePipeline.findFirst(ReferencePipeline.java:543)
at org.openqa.selenium.remote.ProtocolHandshake.createSession(ProtocolHandshake.java:128)
at org.openqa.selenium.remote.ProtocolHandshake.createSession(ProtocolHandshake.java:74)
at org.openqa.selenium.remote.HttpCommandExecutor.execute(HttpCommandExecutor.java:136)
at org.openqa.selenium.remote.service.DriverCommandExecutor.execute(DriverCommandExecutor.java:83)
at org.openqa.selenium.remote.RemoteWebDriver.execute(RemoteWebDriver.java:552)
at org.openqa.selenium.remote.RemoteWebDriver.startSession(RemoteWebDriver.java:213)
at org.openqa.selenium.remote.RemoteWebDriver.<init>(RemoteWebDriver.java:131)
at org.openqa.selenium.chrome.ChromeDriver.<init>(ChromeDriver.java:181)
at org.openqa.selenium.chrome.ChromeDriver.<init>(ChromeDriver.java:168)
at org.openqa.selenium.chrome.ChromeDriver.<init>(ChromeDriver.java:123)
at testpackage.PractiseTestng.setup(PractiseTestng.java:20)
at java.base/java.util.ArrayList.forEach(ArrayList.java:1507)
... Removed 36 stack frames]]>
    </failure>
  </testcase> <!-- @BeforeMethod setup -->
  <testcase classname="testpackage.PractiseTestng" name="@AfterMethod tearDown" time="-1.579519415736E9">
    <skipped/>
  </testcase> <!-- @AfterMethod tearDown -->
  <testcase classname="testpackage.PractiseTestng" name="@BeforeMethod setup" time="-1.579519415739E9">
    <skipped/>
  </testcase> <!-- @BeforeMethod setup -->
  <testcase classname="testpackage.PractiseTestng" name="@AfterMethod tearDown" time="-1.579519415748E9">
    <skipped/>
  </testcase> <!-- @AfterMethod tearDown -->
  <testcase classname="testpackage.PractiseTestng" name="@BeforeMethod setup" time="-1.579519415757E9">
    <skipped/>
  </testcase> <!-- @BeforeMethod setup -->
  <testcase classname="testpackage.PractiseTestng" name="@AfterMethod tearDown" time="-1.579519415788E9">
    <skipped/>
  </testcase> <!-- @AfterMethod tearDown -->
  <testcase classname="testpackage.PractiseTestng" name="@BeforeMethod setup" time="-1.579519415799E9">
    <skipped/>
  </testcase> <!-- @BeforeMethod setup -->
  <testcase classname="testpackage.PractiseTestng" name="@AfterMethod tearDown" time="-1.579519415823E9">
    <skipped/>
  </testcase> <!-- @AfterMethod tearDown -->
  <testcase classname="testpackage.AssertTest" name="chkAssert" time="0.203"/>
  <testcase classname="testpackage.AssertTest" name="titleTest" time="0.017"/>
  <testcase classname="testpackage.InvocationCount" name="multipleTime" time="0.005"/>
  <testcase classname="testpackage.InvocationCount" name="multipleTime" time="0.006"/>
  <testcase classname="testpackage.InvocationCount" name="multipleTime" time="0.001"/>
  <testcase classname="testpackage.InvocationCount" name="multipleTime" time="0.004"/>
  <testcase classname="testpackage.InvocationCount" name="multipleTime" time="0.004"/>
  <testcase classname="testpackage.InvocationCount" name="multipleTime" time="0.002"/>
  <testcase classname="testpackage.InvocationCount" name="multipleTime" time="0.004"/>
  <testcase classname="testpackage.InvocationCount" name="multipleTime" time="0.009"/>
  <testcase classname="testpackage.InvocationCount" name="multipleTime" time="0.001"/>
  <testcase classname="testpackage.InvocationCount" name="multipleTime" time="0.004"/>
  <testcase classname="testpackage.PractiseTestng" name="test1" time="0.0">
    <skipped/>
  </testcase> <!-- test1 -->
  <testcase classname="testpackage.PractiseTestng" name="getTitle" time="0.0">
    <skipped/>
  </testcase> <!-- getTitle -->
  <testcase classname="testpackage.PractiseTestng" name="test2" time="0.0">
    <skipped/>
  </testcase> <!-- test2 -->
  <testcase classname="testpackage.PractiseTestng" name="clkRegister" time="0.0">
    <skipped/>
  </testcase> <!-- clkRegister -->
  <testcase classname="testpackage.PractiseTestng" name="test3" time="0.0">
    <skipped/>
  </testcase> <!-- test3 -->
  <testcase classname="testpackage.TestNGBasics" name="searchText" time="0.005"/>
  <testcase classname="testpackage.TestNGBasics" name="testOnly" time="0.003"/>
</testsuite> <!-- Practise xml Template -->
