<?xml version="1.0" encoding="UTF-8"?>
<!-- Generated by org.testng.reporters.JUnitXMLReporter -->
<testsuite hostname="AQQA-02" name="Execution on Chrome" tests="12" failures="1" timestamp="29 Jul 2016 11:50:51 GMT" time="996.341" errors="0">
  <testcase name="LoginLogout" time="19.803" classname="testCases_Chrome.Login_to_SOLO"/>
  <testcase name="CreateBusinessExpense" time="49.706" classname="testCases_Chrome.Create_Business_Expense"/>
  <testcase name="CreateBusinessExpense_Mileage" time="62.682" classname="testCases_Chrome.Create_Business_Expense_Mileage"/>
  <testcase name="CreateBusinessExpense_EntertainmentClient" time="54.302" classname="testCases_Chrome.Create_Business_Expense_EntertainmentClient"/>
  <testcase name="CreateBusinessExpense_HotelAndLodging" time="57.242" classname="testCases_Chrome.Create_Business_Expense_HotelAndLodging"/>
  <testcase name="CreateBusinessExpensewithPDFReceipt" time="13.076" classname="testCases_Chrome.Create_Business_Expense_with_PDF_Receipt">
    <failure type="org.openqa.selenium.ElementNotVisibleException" message="element not visible
  (Session info: chrome=51.0.2704.103)
  (Driver info: chromedriver=2.22.397933 (1cab651507b88dec79b2b2a22d1943c01833cc1b),platform=Windows NT 10.0.10586 x86_64) (WARNING: The server did not provide any stacktrace information)
Command duration or timeout: 32 milliseconds
Build info: version: &amp;apos;2.53.1&amp;apos;, revision: &amp;apos;a36b8b1&amp;apos;, time: &amp;apos;2016-06-30 17:32:46&amp;apos;
System info: host: &amp;apos;AQQA-02&amp;apos;, ip: &amp;apos;192.168.10.115&amp;apos;, os.name: &amp;apos;Windows 8.1&amp;apos;, os.arch: &amp;apos;amd64&amp;apos;, os.version: &amp;apos;6.3&amp;apos;, java.version: &amp;apos;1.8.0_45&amp;apos;
Driver info: org.openqa.selenium.chrome.ChromeDriver
Capabilities [{applicationCacheEnabled=false, rotatable=false, mobileEmulationEnabled=false, chrome={chromedriverVersion=2.22.397933 (1cab651507b88dec79b2b2a22d1943c01833cc1b), userDataDir=C:\Users\Priyanka\AppData\Local\Temp\scoped_dir7412_2387}, takesHeapSnapshot=true, databaseEnabled=false, handlesAlerts=true, hasTouchScreen=false, version=51.0.2704.103, platform=WIN8_1, browserConnectionEnabled=false, nativeEvents=true, acceptSslCerts=true, locationContextEnabled=true, webStorageEnabled=true, browserName=chrome, takesScreenshot=true, javascriptEnabled=true, cssSelectorsEnabled=true}]
Session ID: 78c516a96c9ba1acdc3ba255dad0bd41">
      <![CDATA[org.openqa.selenium.ElementNotVisibleException: element not visible
  (Session info: chrome=51.0.2704.103)
  (Driver info: chromedriver=2.22.397933 (1cab651507b88dec79b2b2a22d1943c01833cc1b),platform=Windows NT 10.0.10586 x86_64) (WARNING: The server did not provide any stacktrace information)
Command duration or timeout: 32 milliseconds
Build info: version: '2.53.1', revision: 'a36b8b1', time: '2016-06-30 17:32:46'
System info: host: 'AQQA-02', ip: '192.168.10.115', os.name: 'Windows 8.1', os.arch: 'amd64', os.version: '6.3', java.version: '1.8.0_45'
Driver info: org.openqa.selenium.chrome.ChromeDriver
Capabilities [{applicationCacheEnabled=false, rotatable=false, mobileEmulationEnabled=false, chrome={chromedriverVersion=2.22.397933 (1cab651507b88dec79b2b2a22d1943c01833cc1b), userDataDir=C:\Users\Priyanka\AppData\Local\Temp\scoped_dir7412_2387}, takesHeapSnapshot=true, databaseEnabled=false, handlesAlerts=true, hasTouchScreen=false, version=51.0.2704.103, platform=WIN8_1, browserConnectionEnabled=false, nativeEvents=true, acceptSslCerts=true, locationContextEnabled=true, webStorageEnabled=true, browserName=chrome, takesScreenshot=true, javascriptEnabled=true, cssSelectorsEnabled=true}]
Session ID: 78c516a96c9ba1acdc3ba255dad0bd41
	at org.openqa.selenium.remote.ErrorHandler.createThrowable(ErrorHandler.java:206)
	at org.openqa.selenium.remote.ErrorHandler.throwIfResponseFailed(ErrorHandler.java:158)
	at org.openqa.selenium.remote.RemoteWebDriver.execute(RemoteWebDriver.java:678)
	at org.openqa.selenium.remote.RemoteWebElement.execute(RemoteWebElement.java:327)
	at org.openqa.selenium.remote.RemoteWebElement.click(RemoteWebElement.java:85)
	at appModules.BusinessExpWithReceipt_Action$BusinessExpWithReceiptPDF_Action.Execute(BusinessExpWithReceipt_Action.java:18)
	at testCases_Chrome.Create_Business_Expense_with_PDF_Receipt.CreateBusinessExpensewithPDFReceipt(Create_Business_Expense_with_PDF_Receipt.java:57)
... Removed 29 stack frames]]>
    </failure>
  </testcase> <!-- CreateBusinessExpensewithPDFReceipt -->
  <testcase name="CreateBusinessExpensewithPNGReceipt" time="79.802" classname="testCases_Chrome.Create_Business_Expense_with_PNG_Receipt"/>
  <testcase name="CreateBusinessExpensewithPDFandPNGReceipt" time="107.158" classname="testCases_Chrome.Create_Business_Expense_with_PDF_PNG_Receipt"/>
  <testcase name="CreatePeronalExpense" time="73.428" classname="testCases_Chrome.Create_Personal_Expense"/>
  <testcase name="CreatePersonalExpensewithPDFReceipt" time="88.594" classname="testCases_Chrome.Create_Personal_Expense_with_PDF_Receipt"/>
  <testcase name="CreatePersonalExpensewithPNGReceipt" time="88.376" classname="testCases_Chrome.Create_Personal_Expense_with_PNG_Receipt"/>
  <testcase name="CreatePersonalExpensewithPDFandPNGReceipt" time="114.903" classname="testCases_Chrome.Create_Personal_Expense_with_PDF_PNG_Receipt"/>
</testsuite> <!-- Execution on Chrome -->
